[0.015s] Invoking command in '/home/joel-jebitto/ROS_workspace/build/cpp_pubsub': CMAKE_PREFIX_PATH=${CMAKE_PREFIX_PATH}:/home/joel-jebitto/ROS_workspace/install/my_py_pkg:/opt/ros/jazzy DEBUGINFOD_URLS=https://debuginfod.ubuntu.com /usr/bin/cmake --build /home/joel-jebitto/ROS_workspace/build/cpp_pubsub -- -j8 -l8
[0.037s] 
[0.037s] [0/1] Re-running CMake...[K
[0.054s] -- Found ament_cmake: 2.5.4 (/opt/ros/jazzy/share/ament_cmake/cmake)
[0.229s] -- Found rclcpp: 28.1.9 (/opt/ros/jazzy/share/rclcpp/cmake)
[0.259s] -- Found rosidl_generator_c: 4.6.5 (/opt/ros/jazzy/share/rosidl_generator_c/cmake)
[0.269s] -- Found rosidl_generator_cpp: 4.6.5 (/opt/ros/jazzy/share/rosidl_generator_cpp/cmake)
[0.281s] -- Using all available rosidl_typesupport_c: rosidl_typesupport_fastrtps_c;rosidl_typesupport_introspection_c
[0.295s] -- Using all available rosidl_typesupport_cpp: rosidl_typesupport_fastrtps_cpp;rosidl_typesupport_introspection_cpp
[0.360s] -- Found rmw_implementation_cmake: 7.3.2 (/opt/ros/jazzy/share/rmw_implementation_cmake/cmake)
[0.362s] -- Found rmw_fastrtps_cpp: 8.4.2 (/opt/ros/jazzy/share/rmw_fastrtps_cpp/cmake)
[0.422s] -- Using RMW implementation 'rmw_fastrtps_cpp' as default
[0.488s] -- Found example_interfaces: 0.12.0 (/opt/ros/jazzy/share/example_interfaces/cmake)
[0.613s] -- Configuring done (0.6s)
[0.618s] [31mCMake Error at CMakeLists.txt:15 (add_executable):
[0.618s]   Cannot find source file:
[0.618s] 
[0.618s]     src/Phone.cpp
[0.618s] 
[0.618s]   Tried extensions .c .C .c++ .cc .cpp .cxx .cu .mpp .m .M .mm .ixx .cppm
[0.619s]   .ccm .cxxm .c++m .h .hh .h++ .hm .hpp .hxx .in .txx .f .F .for .f77 .f90
[0.619s]   .f95 .f03 .hip .ispc
[0.619s] 
[0.619s] [0m
[0.619s] [31mCMake Error at CMakeLists.txt:15 (add_executable):
[0.619s]   No SOURCES given to target: phone
[0.620s] 
[0.620s] [0m
[0.620s] [0mCMake Generate step failed.  Build files cannot be regenerated correctly.[0m
[0.624s] [31mFAILED: [0mbuild.ninja 
[0.624s] /usr/bin/cmake --regenerate-during-build -S/home/joel-jebitto/ROS_workspace/src/cpp_pubsub -B/home/joel-jebitto/ROS_workspace/build/cpp_pubsub
[0.625s] ninja: error: rebuilding 'build.ninja': subcommand failed
[0.626s] Invoked command in '/home/joel-jebitto/ROS_workspace/build/cpp_pubsub' returned '1': CMAKE_PREFIX_PATH=${CMAKE_PREFIX_PATH}:/home/joel-jebitto/ROS_workspace/install/my_py_pkg:/opt/ros/jazzy DEBUGINFOD_URLS=https://debuginfod.ubuntu.com /usr/bin/cmake --build /home/joel-jebitto/ROS_workspace/build/cpp_pubsub -- -j8 -l8
